<?xml version="1.0" encoding="UTF-8"?>
<!-- Generated by org.testng.reporters.JUnitReportReporter -->
<testsuite hostname="DESKTOP-PT2MTDQ" name="com.myAndroid.Tests.FirstTest" tests="1" failures="0" timestamp="24 May 2021 17:39:16 GMT" time="25.859" errors="0">
  <testcase name="f" time="25.859" classname="com.myAndroid.Tests.FirstTest"/>
</testsuite> <!-- com.myAndroid.Tests.FirstTest -->
