<?xml version="1.0" encoding="UTF-8"?>
<!-- Generated by org.testng.reporters.JUnitReportReporter -->
<testsuite hostname="DESKTOP-PT2MTDQ" name="com.myAndroid.Tests.FiveTest" tests="1" failures="0" timestamp="28 May 2021 17:43:23 GMT" time="27.494" errors="0">
  <testcase name="f" time="27.494" classname="com.myAndroid.Tests.FiveTest"/>
</testsuite> <!-- com.myAndroid.Tests.FiveTest -->
