<?xml version="1.0" encoding="UTF-8"?>
<!-- Generated by org.testng.reporters.JUnitReportReporter -->
<testsuite hostname="DESKTOP-PT2MTDQ" name="com.myAndroid.Tests.SecondTest" tests="1" failures="0" timestamp="24 May 2021 18:17:38 GMT" time="21.884" errors="0">
  <testcase name="f" time="21.884" classname="com.myAndroid.Tests.SecondTest"/>
</testsuite> <!-- com.myAndroid.Tests.SecondTest -->
