<?xml version="1.0" encoding="UTF-8"?>
<!-- Generated by org.testng.reporters.JUnitReportReporter -->
<testsuite hostname="DESKTOP-PT2MTDQ" name="com.myAndroid.Tests.SixTest" tests="1" failures="0" timestamp="28 May 2021 18:09:07 GMT" time="21.401" errors="0">
  <testcase name="f" time="21.401" classname="com.myAndroid.Tests.SixTest"/>
</testsuite> <!-- com.myAndroid.Tests.SixTest -->
