<?xml version="1.0" encoding="UTF-8"?>
<!-- Generated by org.testng.reporters.JUnitReportReporter -->
<testsuite hostname="DESKTOP-PT2MTDQ" name="com.myAndroid.Tests.ThirdTest" tests="1" failures="0" timestamp="25 May 2021 08:50:24 GMT" time="29.881" errors="0">
  <testcase name="f" time="29.881" classname="com.myAndroid.Tests.ThirdTest"/>
</testsuite> <!-- com.myAndroid.Tests.ThirdTest -->
