<?xml version="1.0" encoding="UTF-8"?>
<!-- Generated by org.testng.reporters.JUnitReportReporter -->
<testsuite hostname="DESKTOP-PT2MTDQ" name="com.myAndroid.Tests.FourthTest" tests="1" failures="0" timestamp="25 May 2021 11:57:29 GMT" time="29.227" errors="0">
  <testcase name="f" time="29.227" classname="com.myAndroid.Tests.FourthTest"/>
</testsuite> <!-- com.myAndroid.Tests.FourthTest -->
