<?xml version="1.0" encoding="UTF-8"?>
<!-- Generated by org.testng.reporters.JUnitReportReporter -->
<testsuite hostname="DESKTOP-PT2MTDQ" name="com.myAndroid.Tests.NineTest" tests="1" failures="0" timestamp="29 May 2021 10:50:23 GMT" time="24.195" errors="0">
  <testcase name="f" time="24.195" classname="com.myAndroid.Tests.NineTest"/>
</testsuite> <!-- com.myAndroid.Tests.NineTest -->
