<?xml version="1.0" encoding="UTF-8"?>
<!-- Generated by org.testng.reporters.JUnitReportReporter -->
<testsuite hostname="DESKTOP-PT2MTDQ" name="com.myAndroid.Tests.EightTest" tests="1" failures="0" timestamp="28 May 2021 19:02:23 GMT" time="37.744" errors="0">
  <testcase name="f" time="37.744" classname="com.myAndroid.Tests.EightTest"/>
</testsuite> <!-- com.myAndroid.Tests.EightTest -->
