<?xml version="1.0" encoding="UTF-8"?>
<!-- Generated by org.testng.reporters.JUnitReportReporter -->
<testsuite hostname="DESKTOP-PT2MTDQ" name="com.myAndroid.Tests.SevenTest" tests="1" failures="0" timestamp="28 May 2021 18:53:21 GMT" time="38.624" errors="0">
  <testcase name="f" time="38.624" classname="com.myAndroid.Tests.SevenTest"/>
</testsuite> <!-- com.myAndroid.Tests.SevenTest -->
